TelpasVidzets/app/build/outputs/apk/manifest-merger-debug-report.txt
-- Merging decision tree log ---
manifest
ADDED from AndroidManifest.xml:1:1
	xmlns:android
		ADDED from AndroidManifest.xml:1:11
	package
		ADDED from AndroidManifest.xml:1:120
		INJECTED from AndroidManifest.xml:0:0
		INJECTED from AndroidManifest.xml:0:0
	android:versionName
		ADDED from AndroidManifest.xml:1:94
	android:versionCode
		ADDED from AndroidManifest.xml:1:70
		INJECTED from AndroidManifest.xml:0:0
		INJECTED from AndroidManifest.xml:0:0
uses-sdk
ADDED from AndroidManifest.xml:2:1
	android:targetSdkVersion
		ADDED from AndroidManifest.xml:2:37
		INJECTED from AndroidManifest.xml:0:0
		INJECTED from AndroidManifest.xml:0:0
	android:minSdkVersion
		ADDED from AndroidManifest.xml:2:11
		INJECTED from AndroidManifest.xml:0:0
		INJECTED from AndroidManifest.xml:0:0
uses-permission#android.permission.INTERNET
ADDED from AndroidManifest.xml:3:1
	android:name
		ADDED from AndroidManifest.xml:3:18
uses-permission#android.permission.ACCESS_NETWORK_STATE
ADDED from AndroidManifest.xml:4:1
	android:name
		ADDED from AndroidManifest.xml:4:18
uses-permission#android.permission.READ_CALENDAR
ADDED from AndroidManifest.xml:5:5
	android:name
		ADDED from AndroidManifest.xml:5:22
application
ADDED from AndroidManifest.xml:6:1
	android:label
		ADDED from AndroidManifest.xml:6:78
	android:allowBackup
		ADDED from AndroidManifest.xml:6:14
	android:icon
		ADDED from AndroidManifest.xml:6:41
receiver#com.example.vardadienuwidgets.WidgetProvider
ADDED from AndroidManifest.xml:7:1
	android:name
		ADDED from AndroidManifest.xml:7:11
intent-filter#android.appwidget.action.APPWIDGET_UPDATE
ADDED from AndroidManifest.xml:8:1
action#android.appwidget.action.APPWIDGET_UPDATE
ADDED from AndroidManifest.xml:9:1
	android:name
		ADDED from AndroidManifest.xml:9:9
intent-filter#com.example.vardadienuwidgets.UPDATE_WIDGETS
ADDED from AndroidManifest.xml:11:1
action#com.example.vardadienuwidgets.UPDATE_WIDGETS
ADDED from AndroidManifest.xml:12:1
	android:name
		ADDED from AndroidManifest.xml:12:9
meta-data#android.appwidget.provider
ADDED from AndroidManifest.xml:14:1
	android:resource
		ADDED from AndroidManifest.xml:14:54
	android:name
		ADDED from AndroidManifest.xml:14:12
activity#com.example.vardadienuwidgets.Configure
ADDED from AndroidManifest.xml:16:1
	android:theme
		ADDED from AndroidManifest.xml:16:37
	android:name
		ADDED from AndroidManifest.xml:16:11
intent-filter#android.appwidget.action.APPWIDGET_CONFIGURE
ADDED from AndroidManifest.xml:17:1
action#android.appwidget.action.APPWIDGET_CONFIGURE
ADDED from AndroidManifest.xml:18:1
	android:name
		ADDED from AndroidManifest.xml:18:9
receiver#com.example.vardadienuwidgets.NameWidgetAlarmManager
ADDED from AndroidManifest.xml:21:1
	android:name
		ADDED from AndroidManifest.xml:21:11
intent-filter#com.example.vardadienuwidgets.ALARM_ACTION
ADDED from AndroidManifest.xml:22:1
action#com.example.vardadienuwidgets.ALARM_ACTION
ADDED from AndroidManifest.xml:23:1
	android:name
		ADDED from AndroidManifest.xml:23:9